# JRE version: OpenJDK Runtime Environment (15.0.1+9) (build 15.0.1+9-18)
# Java VM: OpenJDK 64-Bit Server VM (15.0.1+9-18, mixed mode, sharing, tiered, compressed oops, g1 gc, windows-amd64)
GC Precious Log:
 CPUs: 4 total, 4 available
 Memory: 3911M
 Large Page Support: Disabled
 NUMA Support: Disabled
 Compressed Oops: Enabled (32-bit)
 Heap Region Size: 1M
 Heap Min Capacity: 8M
 Heap Initial Capacity: 62M
 Heap Max Capacity: 978M
 Pre-touch: Disabled
 Parallel Workers: 4
 Concurrent Workers: 1
 Concurrent Refinement Workers: 4
 Periodic GC: Disabled
Heap:
 garbage-first heap   total 63488K, used 35474K [0x00000000c2e00000, 0x0000000100000000)
  region size 1024K, 30 young (30720K), 3 survivors (3072K)
 Metaspace       used 20112K, capacity 20384K, committed 20608K, reserved 1067008K
  class space    used 2521K, capacity 2645K, committed 2688K, reserved 1048576K
GC Heap History (6 events):
Event: 3.201 GC heap before
{Heap before GC invocations=0 (full 0):
 garbage-first heap   total 63488K, used 12288K [0x00000000c2e00000, 0x0000000100000000)
  region size 1024K, 13 young (13312K), 0 survivors (0K)
 Metaspace       used 4403K, capacity 6181K, committed 6400K, reserved 1056768K
  class space    used 518K, capacity 649K, committed 768K, reserved 1048576K
}
Event: 3.207 GC heap after
{Heap after GC invocations=1 (full 0):
 garbage-first heap   total 63488K, used 3939K [0x00000000c2e00000, 0x0000000100000000)
  region size 1024K, 2 young (2048K), 2 survivors (2048K)
 Metaspace       used 4403K, capacity 6181K, committed 6400K, reserved 1056768K
  class space    used 518K, capacity 649K, committed 768K, reserved 1048576K
}
Event: 4.225 GC heap before
{Heap before GC invocations=1 (full 0):
 garbage-first heap   total 63488K, used 13155K [0x00000000c2e00000, 0x0000000100000000)
  region size 1024K, 12 young (12288K), 2 survivors (2048K)
 Metaspace       used 7223K, capacity 7954K, committed 8192K, reserved 1056768K
  class space    used 926K, capacity 1005K, committed 1024K, reserved 1048576K
}
Event: 4.231 GC heap after
{Heap after GC invocations=2 (full 0):
 garbage-first heap   total 63488K, used 5060K [0x00000000c2e00000, 0x0000000100000000)
  region size 1024K, 2 young (2048K), 2 survivors (2048K)
 Metaspace       used 7223K, capacity 7954K, committed 8192K, reserved 1056768K
  class space    used 926K, capacity 1005K, committed 1024K, reserved 1048576K
}
Event: 7.002 GC heap before
{Heap before GC invocations=2 (full 0):
 garbage-first heap   total 63488K, used 26564K [0x00000000c2e00000, 0x0000000100000000)
  region size 1024K, 24 young (24576K), 2 survivors (2048K)
 Metaspace       used 11606K, capacity 11871K, committed 12032K, reserved 1060864K
  class space    used 1382K, capacity 1475K, committed 1536K, reserved 1048576K
}
Event: 7.013 GC heap after
{Heap after GC invocations=3 (full 0):
 garbage-first heap   total 63488K, used 8850K [0x00000000c2e00000, 0x0000000100000000)
  region size 1024K, 3 young (3072K), 3 survivors (3072K)
 Metaspace       used 11606K, capacity 11871K, committed 12032K, reserved 1060864K
  class space    used 1382K, capacity 1475K, committed 1536K, reserved 1048576K
}

